<?xml version="1.0" encoding="UTF-8"?>
<!-- Generated by org.testng.reporters.JUnitReportReporter -->
<testsuite hostname="Swaminarayan" name="com.testing.TestFile" tests="1" failures="0" timestamp="4 Feb 2020 03:36:37 GMT" time="34.836" errors="0">
  <testcase name="createProjectTest" time="34.836" classname="com.testing.TestFile"/>
</testsuite> <!-- com.testing.TestFile -->
